[12:15:18] [ServerMain/INFO]: Environment: Environment[accountsHost=https://api.mojang.com, sessionHost=https://sessionserver.mojang.com, servicesHost=https://api.minecraftservices.com, name=PROD]
[12:15:19] [ServerMain/INFO]: Found new data pack file/bukkit, loading it automatically
[12:15:21] [ServerMain/ERROR]: key missing: DragonFight
[12:15:24] [ServerMain/INFO]: Loaded 1174 recipes
[12:15:24] [ServerMain/INFO]: Loaded 1271 advancements
[12:15:24] [Server thread/INFO]: Starting minecraft server version 1.20.2
[12:15:24] [Server thread/INFO]: Loading properties
[12:15:25] [Server thread/INFO]: This server is running Paper version git-Paper-318 (MC: 1.20.2) (Implementing API version 1.20.2-R0.1-SNAPSHOT) (Git: 9271ee7)
[12:15:26] [Server thread/INFO]: Using 4 threads for Netty based IO
[12:15:26] [Server thread/INFO]: Server Ping Player Sample Count: 12
[12:15:26] [Server thread/WARN]: [!] The timings profiler has been enabled but has been scheduled for removal from Paper in the future.
    We recommend installing the spark profiler as a replacement: https://spark.lucko.me/
    For more information please visit: https://github.com/PaperMC/Paper/issues/8948
[12:15:27] [Server thread/INFO]: [ChunkTaskScheduler] Chunk system is using 1 I/O threads, 3 worker threads, and gen parallelism of 3 threads
[12:15:27] [Server thread/INFO]: Default game type: SURVIVAL
[12:15:27] [Server thread/INFO]: Generating keypair
[12:15:27] [Server thread/INFO]: Starting Minecraft server on *:30000
[12:15:28] [Server thread/INFO]: Using default channel type
[12:15:28] [Server thread/INFO]: Paper: Using Java compression from Velocity.
[12:15:28] [Server thread/INFO]: Paper: Using Java cipher from Velocity.
[12:15:28] [Server thread/INFO]: [SpigotLibraryLoader] [XConomy] Loading 1 libraries... please wait
[12:15:29] [Server thread/INFO]: [SpigotLibraryLoader] Downloading https://repo.maven.apache.org/maven2/redis/clients/jedis/4.3.1/jedis-4.3.1.pom
[12:15:29] [Server thread/INFO]: [SpigotLibraryLoader] Downloading https://repo.maven.apache.org/maven2/org/apache/commons/commons-pool2/2.11.1/commons-pool2-2.11.1.pom
[12:15:29] [Server thread/INFO]: [SpigotLibraryLoader] Downloading https://repo.maven.apache.org/maven2/org/apache/commons/commons-parent/52/commons-parent-52.pom
[12:15:29] [Server thread/INFO]: [SpigotLibraryLoader] Downloading https://repo.maven.apache.org/maven2/org/apache/apache/23/apache-23.pom
[12:15:29] [Server thread/INFO]: [SpigotLibraryLoader] Downloading https://repo.maven.apache.org/maven2/org/junit/junit-bom/5.8.0-M1/junit-bom-5.8.0-M1.pom
[12:15:29] [Server thread/INFO]: [SpigotLibraryLoader] Downloading https://repo.maven.apache.org/maven2/org/json/json/20220320/json-20220320.pom
[12:15:29] [Server thread/INFO]: [SpigotLibraryLoader] Downloading https://repo.maven.apache.org/maven2/com/google/code/gson/gson/2.8.9/gson-2.8.9.pom
[12:15:30] [Server thread/INFO]: [SpigotLibraryLoader] Downloading https://repo.maven.apache.org/maven2/com/google/code/gson/gson-parent/2.8.9/gson-parent-2.8.9.pom
[12:15:30] [BasicRepositoryConnector-repo.maven.apache.org-0-4/INFO]: [SpigotLibraryLoader] Downloading https://repo.maven.apache.org/maven2/com/google/code/gson/gson/2.8.9/gson-2.8.9.jar
[12:15:30] [BasicRepositoryConnector-repo.maven.apache.org-0-2/INFO]: [SpigotLibraryLoader] Downloading https://repo.maven.apache.org/maven2/org/apache/commons/commons-pool2/2.11.1/commons-pool2-2.11.1.jar
[12:15:30] [BasicRepositoryConnector-repo.maven.apache.org-0-3/INFO]: [SpigotLibraryLoader] Downloading https://repo.maven.apache.org/maven2/org/json/json/20220320/json-20220320.jar
[12:15:30] [BasicRepositoryConnector-repo.maven.apache.org-0-0/INFO]: [SpigotLibraryLoader] Downloading https://repo.maven.apache.org/maven2/redis/clients/jedis/4.3.1/jedis-4.3.1.jar
[12:15:30] [Server thread/INFO]: [SpigotLibraryLoader] [XConomy] Loaded library C:\velocity\hama-lobby\hama-lobby\libraries\redis\clients\jedis\4.3.1\jedis-4.3.1.jar
[12:15:30] [Server thread/INFO]: [SpigotLibraryLoader] [XConomy] Loaded library C:\velocity\hama-lobby\hama-lobby\libraries\org\slf4j\slf4j-api\1.7.36\slf4j-api-1.7.36.jar
[12:15:30] [Server thread/INFO]: [SpigotLibraryLoader] [XConomy] Loaded library C:\velocity\hama-lobby\hama-lobby\libraries\org\apache\commons\commons-pool2\2.11.1\commons-pool2-2.11.1.jar
[12:15:30] [Server thread/INFO]: [SpigotLibraryLoader] [XConomy] Loaded library C:\velocity\hama-lobby\hama-lobby\libraries\org\json\json\20220320\json-20220320.jar
[12:15:30] [Server thread/INFO]: [SpigotLibraryLoader] [XConomy] Loaded library C:\velocity\hama-lobby\hama-lobby\libraries\com\google\code\gson\gson\2.8.9\gson-2.8.9.jar
[12:15:31] [Server thread/INFO]: [Vault] Loading server plugin Vault v1.7.3-b131
[12:15:31] [Server thread/INFO]: [XConomy] Loading server plugin XConomy v2.26.3
[12:15:31] [Server thread/INFO]: [Logger] Loading server plugin Logger v1.8.0.15
[12:15:31] [Server thread/INFO]: [HuskSync] Loading server plugin HuskSync v3.6.8-2df9fd8
[12:15:31] [Server thread/INFO]: [HuskSync] Initializing plugin config & locale files...
[12:15:32] [Server thread/INFO]: [HuskSync] Successfully initialized plugin config & locale files
[12:15:32] [Server thread/INFO]: [DiscordSRV] Loading server plugin DiscordSRV v1.28.0
[12:15:32] [Server thread/INFO]: Server permissions file permissions.yml is empty, ignoring it
[12:15:32] [Server thread/INFO]: [Vault] Enabling Vault v1.7.3-b131
[12:15:32] [Server thread/INFO]: [Vault] [Permission] SuperPermissions loaded as backup permission system.
[12:15:32] [Server thread/INFO]: [Vault] Enabled Version 1.7.3-b131
[12:15:32] [Server thread/INFO]: [XConomy] Enabling XConomy v2.26.3
[12:15:32] [Server thread/INFO]: [XConomy] UUID-Mode: Default
[12:15:32] [Server thread/INFO]: [XConomy] Language: ENGLISH
[12:15:32] [Server thread/INFO]: [XConomy] The new language file has been created
[12:15:33] [Server thread/INFO]: [XConomy] Saving method - SQLite
[12:15:33] [Server thread/INFO]: [XConomy] SQLite successfully connected
[12:15:33] [Server thread/INFO]: [XConomy] XConomy successfully enabled
[12:15:34] [Server thread/INFO]: [XConomy] ===== YiC =====
[12:15:34] [Server thread/WARN]: **** SERVER IS RUNNING IN OFFLINE/INSECURE MODE!
[12:15:34] [Server thread/WARN]: The server will make no attempt to authenticate usernames. Beware.
[12:15:34] [Server thread/WARN]: Whilst this makes it possible to use Velocity, unless access to your server is properly restricted, it also opens up the ability for hackers to connect with any username they choose.
[12:15:34] [Server thread/WARN]: Please see https://docs.papermc.io/velocity/security for further information.
[12:15:34] [Server thread/WARN]: To change this, set "online-mode" to "true" in the server.properties file.
[12:15:34] [Server thread/INFO]: Preparing level "world"
[12:15:34] [Server thread/ERROR]: key missing: DragonFight
[12:15:36] [Folia Async Scheduler Thread #0/INFO]: [XConomy] Is the latest version
[12:15:47] [Server thread/INFO]: Preparing start region for dimension minecraft:overworld
[12:15:48] [Server thread/INFO]: Time elapsed: 256 ms
[12:15:48] [Server thread/INFO]: Preparing start region for dimension minecraft:the_nether
[12:15:48] [Server thread/INFO]: Time elapsed: 216 ms
[12:15:48] [Server thread/INFO]: Preparing start region for dimension minecraft:the_end
[12:15:48] [Server thread/INFO]: Time elapsed: 204 ms
[12:15:48] [Server thread/INFO]: [Logger] Enabling Logger v1.8.0.15
[12:15:49] [Server thread/INFO]: [Logger] 
|
|     __                               
|    / /   ____  ____ _____ ____  _____
|   / /   / __ \/ __ `/ __ `/ _ \/ ___/
|  / /___/ /_/ / /_/ / /_/ /  __/ /    
| /_____/\____/\__, /\__, /\___/_/     
|             /____//____/     1.8.0.15 [ Bukkit Version ]        
|
| This is a DEV Build, please report any issues!
|
| Discord https://discord.gg/MfR5mcpVfX
|
[12:15:49] [Server thread/INFO]: [Logger] Vault Plugin Detected!
[12:15:49] [Server thread/INFO]: [Logger] ¡×6Thanks to everyone's contributions that helped made this project possible!
[12:15:49] [Server thread/INFO]: [Logger] Plugin Enabled!
[12:15:49] [Server thread/INFO]: [HuskSync] Enabling HuskSync v3.6.8-2df9fd8
[12:15:51] [Server thread/INFO]: [HuskSync] Initializing commands...
[12:15:51] [Server thread/INFO]: [HuskSync] Successfully initialized commands
[12:15:51] [Server thread/INFO]: [HuskSync] Initializing data adapter...
[12:15:51] [Server thread/INFO]: [HuskSync] Successfully initialized data adapter
[12:15:51] [Server thread/INFO]: [HuskSync] Initializing data serializers...
[12:15:51] [Server thread/INFO]: [HuskSync] Successfully initialized data serializers
[12:15:51] [Server thread/INFO]: [HuskSync] Initializing data migrators/converters...
[12:15:51] [Server thread/INFO]: [HuskSync] Successfully initialized data migrators/converters
[12:15:51] [Server thread/INFO]: [HuskSync] Initializing MySQL database connection...
[12:15:51] [Server thread/INFO]: [net.william278.husksync.libraries.hikari.HikariDataSource] HuskSyncHikariPool - Starting...
[12:16:13] [Server thread/ERROR]: Error occurred while enabling HuskSync v3.6.8-2df9fd8 (Is it up to date?)
net.william278.husksync.HuskSync$FailedToLoadException: HuskSync has failed to load! The plugin will not be enabled and no data will be synchronized.
Please make sure the plugin has been setup correctly (https://william278.net/docs/husksync/setup):

1) Make sure you've entered your MySQL, MariaDB or MongoDB database details correctly in config.yml
2) Make sure your Redis server details are also correct in config.yml
3) Make sure your config is up-to-date (https://william278.net/docs/husksync/config-file)
4) Check the error below for more details

Caused by: Failed to initialize MySQL database connection
	at net.william278.husksync.HuskSync.initialize(HuskSync.java:155) ~[HuskSync-Paper-3.6.8-2df9fd8.jar:?]
	at net.william278.husksync.BukkitHuskSync.onEnable(BukkitHuskSync.java:180) ~[HuskSync-Paper-3.6.8-2df9fd8.jar:?]
	at org.bukkit.plugin.java.JavaPlugin.setEnabled(JavaPlugin.java:281) ~[paper-api-1.20.2-R0.1-SNAPSHOT.jar:?]
	at io.papermc.paper.plugin.manager.PaperPluginInstanceManager.enablePlugin(PaperPluginInstanceManager.java:190) ~[paper-1.20.2.jar:git-Paper-318]
	at io.papermc.paper.plugin.manager.PaperPluginManagerImpl.enablePlugin(PaperPluginManagerImpl.java:104) ~[paper-1.20.2.jar:git-Paper-318]
	at org.bukkit.plugin.SimplePluginManager.enablePlugin(SimplePluginManager.java:507) ~[paper-api-1.20.2-R0.1-SNAPSHOT.jar:?]
	at org.bukkit.craftbukkit.v1_20_R2.CraftServer.enablePlugin(CraftServer.java:646) ~[paper-1.20.2.jar:git-Paper-318]
	at org.bukkit.craftbukkit.v1_20_R2.CraftServer.enablePlugins(CraftServer.java:557) ~[paper-1.20.2.jar:git-Paper-318]
	at net.minecraft.server.MinecraftServer.loadWorld0(MinecraftServer.java:627) ~[paper-1.20.2.jar:git-Paper-318]
	at net.minecraft.server.MinecraftServer.loadLevel(MinecraftServer.java:424) ~[paper-1.20.2.jar:git-Paper-318]
	at net.minecraft.server.dedicated.DedicatedServer.initServer(DedicatedServer.java:308) ~[paper-1.20.2.jar:git-Paper-318]
	at net.minecraft.server.MinecraftServer.runServer(MinecraftServer.java:1086) ~[paper-1.20.2.jar:git-Paper-318]
	at net.minecraft.server.MinecraftServer.lambda$spin$0(MinecraftServer.java:315) ~[paper-1.20.2.jar:git-Paper-318]
	at java.lang.Thread.run(Thread.java:842) ~[?:?]
Caused by: java.lang.RuntimeException: java.lang.IllegalStateException: Failed to establish a connection to the MySQL database. Please check the supplied database credentials in the config file
	at net.william278.husksync.libraries.desertwell.util.ThrowingConsumer.accept(ThrowingConsumer.java:45) ~[HuskSync-Paper-3.6.8-2df9fd8.jar:?]
	at net.william278.husksync.HuskSync.initialize(HuskSync.java:153) ~[HuskSync-Paper-3.6.8-2df9fd8.jar:?]
	... 13 more
Caused by: java.lang.IllegalStateException: Failed to establish a connection to the MySQL database. Please check the supplied database credentials in the config file
	at net.william278.husksync.database.MySqlDatabase.initialize(MySqlDatabase.java:130) ~[HuskSync-Paper-3.6.8-2df9fd8.jar:?]
	at net.william278.husksync.BukkitHuskSync.lambda$onEnable$5(BukkitHuskSync.java:186) ~[HuskSync-Paper-3.6.8-2df9fd8.jar:?]
	at net.william278.husksync.libraries.desertwell.util.ThrowingConsumer.accept(ThrowingConsumer.java:43) ~[HuskSync-Paper-3.6.8-2df9fd8.jar:?]
	at net.william278.husksync.HuskSync.initialize(HuskSync.java:153) ~[HuskSync-Paper-3.6.8-2df9fd8.jar:?]
	... 13 more
Caused by: java.sql.SQLNonTransientConnectionException: Could not create connection to database server. Attempted reconnect 3 times. Giving up.
	at com.mysql.cj.jdbc.exceptions.SQLError.createSQLException(SQLError.java:111) ~[mysql-connector-j-8.1.0.jar:8.1.0]
	at com.mysql.cj.jdbc.exceptions.SQLError.createSQLException(SQLError.java:98) ~[mysql-connector-j-8.1.0.jar:8.1.0]
	at com.mysql.cj.jdbc.exceptions.SQLError.createSQLException(SQLError.java:90) ~[mysql-connector-j-8.1.0.jar:8.1.0]
	at com.mysql.cj.jdbc.exceptions.SQLError.createSQLException(SQLError.java:64) ~[mysql-connector-j-8.1.0.jar:8.1.0]
	at com.mysql.cj.jdbc.exceptions.SQLError.createSQLException(SQLError.java:74) ~[mysql-connector-j-8.1.0.jar:8.1.0]
	at com.mysql.cj.jdbc.ConnectionImpl.connectWithRetries(ConnectionImpl.java:889) ~[mysql-connector-j-8.1.0.jar:8.1.0]
	at com.mysql.cj.jdbc.ConnectionImpl.createNewIO(ConnectionImpl.java:814) ~[mysql-connector-j-8.1.0.jar:8.1.0]
	at com.mysql.cj.jdbc.ConnectionImpl.<init>(ConnectionImpl.java:440) ~[mysql-connector-j-8.1.0.jar:8.1.0]
	at com.mysql.cj.jdbc.ConnectionImpl.getInstance(ConnectionImpl.java:239) ~[mysql-connector-j-8.1.0.jar:8.1.0]
	at com.mysql.cj.jdbc.NonRegisteringDriver.connect(NonRegisteringDriver.java:188) ~[mysql-connector-j-8.1.0.jar:8.1.0]
	at net.william278.husksync.libraries.hikari.util.DriverDataSource.getConnection(DriverDataSource.java:137) ~[HuskSync-Paper-3.6.8-2df9fd8.jar:?]
	at net.william278.husksync.libraries.hikari.pool.PoolBase.newConnection(PoolBase.java:360) ~[HuskSync-Paper-3.6.8-2df9fd8.jar:?]
	at net.william278.husksync.libraries.hikari.pool.PoolBase.newPoolEntry(PoolBase.java:202) ~[HuskSync-Paper-3.6.8-2df9fd8.jar:?]
	at net.william278.husksync.libraries.hikari.pool.HikariPool.createPoolEntry(HikariPool.java:461) ~[HuskSync-Paper-3.6.8-2df9fd8.jar:?]
	at net.william278.husksync.libraries.hikari.pool.HikariPool.checkFailFast(HikariPool.java:550) ~[HuskSync-Paper-3.6.8-2df9fd8.jar:?]
	at net.william278.husksync.libraries.hikari.pool.HikariPool.<init>(HikariPool.java:98) ~[HuskSync-Paper-3.6.8-2df9fd8.jar:?]
	at net.william278.husksync.libraries.hikari.HikariDataSource.getConnection(HikariDataSource.java:111) ~[HuskSync-Paper-3.6.8-2df9fd8.jar:?]
	at net.william278.husksync.database.MySqlDatabase.initialize(MySqlDatabase.java:119) ~[HuskSync-Paper-3.6.8-2df9fd8.jar:?]
	at net.william278.husksync.BukkitHuskSync.lambda$onEnable$5(BukkitHuskSync.java:186) ~[HuskSync-Paper-3.6.8-2df9fd8.jar:?]
	at net.william278.husksync.libraries.desertwell.util.ThrowingConsumer.accept(ThrowingConsumer.java:43) ~[HuskSync-Paper-3.6.8-2df9fd8.jar:?]
	at net.william278.husksync.HuskSync.initialize(HuskSync.java:153) ~[HuskSync-Paper-3.6.8-2df9fd8.jar:?]
	... 13 more
Caused by: com.mysql.cj.exceptions.CJCommunicationsException: Communications link failure
	at jdk.internal.reflect.NativeConstructorAccessorImpl.newInstance0(Native Method) ~[?:?]
	at jdk.internal.reflect.NativeConstructorAccessorImpl.newInstance(NativeConstructorAccessorImpl.java:77) ~[?:?]
	at jdk.internal.reflect.DelegatingConstructorAccessorImpl.newInstance(DelegatingConstructorAccessorImpl.java:45) ~[?:?]
	at java.lang.reflect.Constructor.newInstanceWithCaller(Constructor.java:499) ~[?:?]
	at java.lang.reflect.Constructor.newInstance(Constructor.java:480) ~[?:?]
	at com.mysql.cj.exceptions.ExceptionFactory.createException(ExceptionFactory.java:62) ~[mysql-connector-j-8.1.0.jar:8.1.0]
	at com.mysql.cj.exceptions.ExceptionFactory.createException(ExceptionFactory.java:105) ~[mysql-connector-j-8.1.0.jar:8.1.0]
	at com.mysql.cj.exceptions.ExceptionFactory.createException(ExceptionFactory.java:150) ~[mysql-connector-j-8.1.0.jar:8.1.0]
	at com.mysql.cj.exceptions.ExceptionFactory.createCommunicationsException(ExceptionFactory.java:166) ~[mysql-connector-j-8.1.0.jar:8.1.0]
	at com.mysql.cj.protocol.a.NativeSocketConnection.connect(NativeSocketConnection.java:89) ~[mysql-connector-j-8.1.0.jar:8.1.0]
	at com.mysql.cj.NativeSession.connect(NativeSession.java:121) ~[mysql-connector-j-8.1.0.jar:8.1.0]
	at com.mysql.cj.jdbc.ConnectionImpl.connectWithRetries(ConnectionImpl.java:833) ~[mysql-connector-j-8.1.0.jar:8.1.0]
	at com.mysql.cj.jdbc.ConnectionImpl.createNewIO(ConnectionImpl.java:814) ~[mysql-connector-j-8.1.0.jar:8.1.0]
	at com.mysql.cj.jdbc.ConnectionImpl.<init>(ConnectionImpl.java:440) ~[mysql-connector-j-8.1.0.jar:8.1.0]
	at com.mysql.cj.jdbc.ConnectionImpl.getInstance(ConnectionImpl.java:239) ~[mysql-connector-j-8.1.0.jar:8.1.0]
	at com.mysql.cj.jdbc.NonRegisteringDriver.connect(NonRegisteringDriver.java:188) ~[mysql-connector-j-8.1.0.jar:8.1.0]
	at net.william278.husksync.libraries.hikari.util.DriverDataSource.getConnection(DriverDataSource.java:137) ~[HuskSync-Paper-3.6.8-2df9fd8.jar:?]
	at net.william278.husksync.libraries.hikari.pool.PoolBase.newConnection(PoolBase.java:360) ~[HuskSync-Paper-3.6.8-2df9fd8.jar:?]
	at net.william278.husksync.libraries.hikari.pool.PoolBase.newPoolEntry(PoolBase.java:202) ~[HuskSync-Paper-3.6.8-2df9fd8.jar:?]
	at net.william278.husksync.libraries.hikari.pool.HikariPool.createPoolEntry(HikariPool.java:461) ~[HuskSync-Paper-3.6.8-2df9fd8.jar:?]
	at net.william278.husksync.libraries.hikari.pool.HikariPool.checkFailFast(HikariPool.java:550) ~[HuskSync-Paper-3.6.8-2df9fd8.jar:?]
	at net.william278.husksync.libraries.hikari.pool.HikariPool.<init>(HikariPool.java:98) ~[HuskSync-Paper-3.6.8-2df9fd8.jar:?]
	at net.william278.husksync.libraries.hikari.HikariDataSource.getConnection(HikariDataSource.java:111) ~[HuskSync-Paper-3.6.8-2df9fd8.jar:?]
	at net.william278.husksync.database.MySqlDatabase.initialize(MySqlDatabase.java:119) ~[HuskSync-Paper-3.6.8-2df9fd8.jar:?]
	at net.william278.husksync.BukkitHuskSync.lambda$onEnable$5(BukkitHuskSync.java:186) ~[HuskSync-Paper-3.6.8-2df9fd8.jar:?]
	at net.william278.husksync.libraries.desertwell.util.ThrowingConsumer.accept(ThrowingConsumer.java:43) ~[HuskSync-Paper-3.6.8-2df9fd8.jar:?]
	at net.william278.husksync.HuskSync.initialize(HuskSync.java:153) ~[HuskSync-Paper-3.6.8-2df9fd8.jar:?]
	... 13 more
Caused by: java.net.SocketTimeoutException: Connect timed out
	at sun.nio.ch.NioSocketImpl.timedFinishConnect(NioSocketImpl.java:551) ~[?:?]
	at sun.nio.ch.NioSocketImpl.connect(NioSocketImpl.java:602) ~[?:?]
	at java.net.SocksSocketImpl.connect(SocksSocketImpl.java:327) ~[?:?]
	at java.net.Socket.connect(Socket.java:633) ~[?:?]
	at com.mysql.cj.protocol.StandardSocketFactory.connect(StandardSocketFactory.java:153) ~[mysql-connector-j-8.1.0.jar:8.1.0]
	at com.mysql.cj.protocol.a.NativeSocketConnection.connect(NativeSocketConnection.java:63) ~[mysql-connector-j-8.1.0.jar:8.1.0]
	at com.mysql.cj.NativeSession.connect(NativeSession.java:121) ~[mysql-connector-j-8.1.0.jar:8.1.0]
	at com.mysql.cj.jdbc.ConnectionImpl.connectWithRetries(ConnectionImpl.java:833) ~[mysql-connector-j-8.1.0.jar:8.1.0]
	at com.mysql.cj.jdbc.ConnectionImpl.createNewIO(ConnectionImpl.java:814) ~[mysql-connector-j-8.1.0.jar:8.1.0]
	at com.mysql.cj.jdbc.ConnectionImpl.<init>(ConnectionImpl.java:440) ~[mysql-connector-j-8.1.0.jar:8.1.0]
	at com.mysql.cj.jdbc.ConnectionImpl.getInstance(ConnectionImpl.java:239) ~[mysql-connector-j-8.1.0.jar:8.1.0]
	at com.mysql.cj.jdbc.NonRegisteringDriver.connect(NonRegisteringDriver.java:188) ~[mysql-connector-j-8.1.0.jar:8.1.0]
	at net.william278.husksync.libraries.hikari.util.DriverDataSource.getConnection(DriverDataSource.java:137) ~[HuskSync-Paper-3.6.8-2df9fd8.jar:?]
	at net.william278.husksync.libraries.hikari.pool.PoolBase.newConnection(PoolBase.java:360) ~[HuskSync-Paper-3.6.8-2df9fd8.jar:?]
	at net.william278.husksync.libraries.hikari.pool.PoolBase.newPoolEntry(PoolBase.java:202) ~[HuskSync-Paper-3.6.8-2df9fd8.jar:?]
	at net.william278.husksync.libraries.hikari.pool.HikariPool.createPoolEntry(HikariPool.java:461) ~[HuskSync-Paper-3.6.8-2df9fd8.jar:?]
	at net.william278.husksync.libraries.hikari.pool.HikariPool.checkFailFast(HikariPool.java:550) ~[HuskSync-Paper-3.6.8-2df9fd8.jar:?]
	at net.william278.husksync.libraries.hikari.pool.HikariPool.<init>(HikariPool.java:98) ~[HuskSync-Paper-3.6.8-2df9fd8.jar:?]
	at net.william278.husksync.libraries.hikari.HikariDataSource.getConnection(HikariDataSource.java:111) ~[HuskSync-Paper-3.6.8-2df9fd8.jar:?]
	at net.william278.husksync.database.MySqlDatabase.initialize(MySqlDatabase.java:119) ~[HuskSync-Paper-3.6.8-2df9fd8.jar:?]
	at net.william278.husksync.BukkitHuskSync.lambda$onEnable$5(BukkitHuskSync.java:186) ~[HuskSync-Paper-3.6.8-2df9fd8.jar:?]
	at net.william278.husksync.libraries.desertwell.util.ThrowingConsumer.accept(ThrowingConsumer.java:43) ~[HuskSync-Paper-3.6.8-2df9fd8.jar:?]
	at net.william278.husksync.HuskSync.initialize(HuskSync.java:153) ~[HuskSync-Paper-3.6.8-2df9fd8.jar:?]
	... 13 more
[12:16:13] [Server thread/INFO]: [HuskSync] Disabling HuskSync v3.6.8-2df9fd8
[12:16:13] [Server thread/ERROR]: Error occurred (in the plugin loader) while disabling HuskSync v3.6.8-2df9fd8 (Is it up to date?)
java.lang.NullPointerException: Cannot invoke "net.william278.husksync.redis.RedisManager.terminate()" because the return value of "net.william278.husksync.HuskSync.getRedisManager()" is null
	at net.william278.husksync.listener.EventListener.handlePluginDisable(EventListener.java:125) ~[HuskSync-Paper-3.6.8-2df9fd8.jar:?]
	at net.william278.husksync.listener.BukkitEventListener.handlePluginDisable(BukkitEventListener.java:58) ~[HuskSync-Paper-3.6.8-2df9fd8.jar:?]
	at net.william278.husksync.BukkitHuskSync.onDisable(BukkitHuskSync.java:229) ~[HuskSync-Paper-3.6.8-2df9fd8.jar:?]
	at org.bukkit.plugin.java.JavaPlugin.setEnabled(JavaPlugin.java:283) ~[paper-api-1.20.2-R0.1-SNAPSHOT.jar:?]
	at io.papermc.paper.plugin.manager.PaperPluginInstanceManager.disablePlugin(PaperPluginInstanceManager.java:225) ~[paper-1.20.2.jar:git-Paper-318]
	at io.papermc.paper.plugin.manager.PaperPluginManagerImpl.disablePlugin(PaperPluginManagerImpl.java:109) ~[paper-1.20.2.jar:git-Paper-318]
	at org.bukkit.plugin.SimplePluginManager.disablePlugin(SimplePluginManager.java:537) ~[paper-api-1.20.2-R0.1-SNAPSHOT.jar:?]
	at io.papermc.paper.plugin.manager.PaperPluginInstanceManager.enablePlugin(PaperPluginInstanceManager.java:194) ~[paper-1.20.2.jar:git-Paper-318]
	at io.papermc.paper.plugin.manager.PaperPluginManagerImpl.enablePlugin(PaperPluginManagerImpl.java:104) ~[paper-1.20.2.jar:git-Paper-318]
	at org.bukkit.plugin.SimplePluginManager.enablePlugin(SimplePluginManager.java:507) ~[paper-api-1.20.2-R0.1-SNAPSHOT.jar:?]
	at org.bukkit.craftbukkit.v1_20_R2.CraftServer.enablePlugin(CraftServer.java:646) ~[paper-1.20.2.jar:git-Paper-318]
	at org.bukkit.craftbukkit.v1_20_R2.CraftServer.enablePlugins(CraftServer.java:557) ~[paper-1.20.2.jar:git-Paper-318]
	at net.minecraft.server.MinecraftServer.loadWorld0(MinecraftServer.java:627) ~[paper-1.20.2.jar:git-Paper-318]
	at net.minecraft.server.MinecraftServer.loadLevel(MinecraftServer.java:424) ~[paper-1.20.2.jar:git-Paper-318]
	at net.minecraft.server.dedicated.DedicatedServer.initServer(DedicatedServer.java:308) ~[paper-1.20.2.jar:git-Paper-318]
	at net.minecraft.server.MinecraftServer.runServer(MinecraftServer.java:1086) ~[paper-1.20.2.jar:git-Paper-318]
	at net.minecraft.server.MinecraftServer.lambda$spin$0(MinecraftServer.java:315) ~[paper-1.20.2.jar:git-Paper-318]
	at java.lang.Thread.run(Thread.java:842) ~[?:?]
[12:16:13] [Server thread/INFO]: [DiscordSRV] Enabling DiscordSRV v1.28.0
[12:16:13] [Server thread/INFO]: Running delayed init tasks
[12:16:13] [Server thread/INFO]: Done (48.669s)! For help, type "help"
[12:16:13] [Server thread/INFO]: Stopping server
[12:16:13] [Server thread/INFO]: [DiscordSRV] Disabling DiscordSRV v1.28.0
[12:16:13] [Craft Scheduler Thread - 5 - Vault/INFO]: [Vault] Checking for Updates ... 
[12:16:13] [Server thread/INFO]: [Logger] Disabling Logger v1.8.0.15
[12:16:13] [Server thread/INFO]: [Logger] Plugin Disabled!
[12:16:13] [Server thread/INFO]: [XConomy] Disabling XConomy v2.26.3
[12:16:13] [Server thread/INFO]: [XConomy] XConomy successfully disabled
[12:16:13] [Server thread/INFO]: [Vault] Disabling Vault v1.7.3-b131
[12:16:14] [Craft Scheduler Thread - 4 - Logger/WARN]: [Logger] Plugin Logger v1.8.0.15 generated an exception while executing task 6
org.bukkit.plugin.IllegalPluginAccessException: Plugin attempted to register task while disabled
	at org.bukkit.craftbukkit.v1_20_R2.scheduler.CraftScheduler.validate(CraftScheduler.java:548) ~[paper-1.20.2.jar:git-Paper-318]
	at org.bukkit.craftbukkit.v1_20_R2.scheduler.CraftScheduler.runTaskTimer(CraftScheduler.java:224) ~[paper-1.20.2.jar:git-Paper-318]
	at org.bukkit.craftbukkit.v1_20_R2.scheduler.CraftScheduler.runTaskTimer(CraftScheduler.java:209) ~[paper-1.20.2.jar:git-Paper-318]
	at org.bukkit.craftbukkit.v1_20_R2.scheduler.CraftScheduler.runTaskLater(CraftScheduler.java:173) ~[paper-1.20.2.jar:git-Paper-318]
	at org.bukkit.craftbukkit.v1_20_R2.scheduler.CraftScheduler.runTask(CraftScheduler.java:142) ~[paper-1.20.2.jar:git-Paper-318]
	at me.prism3.updatechecker.UpdateChecker.lambda$checkNow$5(UpdateChecker.java:353) ~[Logger-1.8.0.15.jar:?]
	at org.bukkit.craftbukkit.v1_20_R2.scheduler.CraftTask.run(CraftTask.java:101) ~[paper-1.20.2.jar:git-Paper-318]
	at org.bukkit.craftbukkit.v1_20_R2.scheduler.CraftAsyncTask.run(CraftAsyncTask.java:57) ~[paper-1.20.2.jar:git-Paper-318]
	at com.destroystokyo.paper.ServerSchedulerReportingWrapper.run(ServerSchedulerReportingWrapper.java:22) ~[paper-1.20.2.jar:?]
	at java.util.concurrent.ThreadPoolExecutor.runWorker(ThreadPoolExecutor.java:1136) ~[?:?]
	at java.util.concurrent.ThreadPoolExecutor$Worker.run(ThreadPoolExecutor.java:635) ~[?:?]
	at java.lang.Thread.run(Thread.java:842) ~[?:?]
[12:16:14] [Craft Scheduler Thread - 5 - Vault/INFO]: [Vault] No new version available
[12:16:14] [Server thread/INFO]: Saving players
[12:16:14] [Server thread/INFO]: Saving worlds
[12:16:14] [Server thread/INFO]: Saving chunks for level 'ServerLevel[world]'/minecraft:overworld
[12:16:14] [Server thread/INFO]: [ChunkHolderManager] Waiting 60s for chunk system to halt for world 'world'
[12:16:14] [Server thread/INFO]: [ChunkHolderManager] Halted chunk system for world 'world'
[12:16:14] [Server thread/INFO]: [ChunkHolderManager] Saving all chunkholders for world 'world'
[12:16:14] [Server thread/INFO]: [ChunkHolderManager] Saved 3 block chunks, 3 entity chunks, 0 poi chunks in world 'world' in 0.15s
[12:16:14] [Server thread/INFO]: ThreadedAnvilChunkStorage (world): All chunks are saved
[12:16:14] [Server thread/INFO]: Saving chunks for level 'ServerLevel[world_nether]'/minecraft:the_nether
[12:16:14] [Server thread/INFO]: [ChunkHolderManager] Waiting 60s for chunk system to halt for world 'world_nether'
[12:16:14] [Server thread/INFO]: [ChunkHolderManager] Halted chunk system for world 'world_nether'
[12:16:14] [Server thread/INFO]: [ChunkHolderManager] Saving all chunkholders for world 'world_nether'
[12:16:18] [Server thread/INFO]: [ChunkHolderManager] Saved 1681 block chunks, 1 entity chunks, 0 poi chunks in world 'world_nether' in 3.84s
[12:16:18] [Server thread/INFO]: ThreadedAnvilChunkStorage (DIM-1): All chunks are saved
[12:16:18] [Server thread/INFO]: Saving chunks for level 'ServerLevel[world_the_end]'/minecraft:the_end
[12:16:18] [Server thread/INFO]: [ChunkHolderManager] Waiting 60s for chunk system to halt for world 'world_the_end'
[12:16:18] [Server thread/INFO]: [ChunkHolderManager] Halted chunk system for world 'world_the_end'
[12:16:18] [Server thread/INFO]: [ChunkHolderManager] Saving all chunkholders for world 'world_the_end'
[12:16:21] [Server thread/INFO]: [ChunkHolderManager] Saved 2025 block chunks, 1 entity chunks, 0 poi chunks in world 'world_the_end' in 2.89s
[12:16:21] [Server thread/INFO]: ThreadedAnvilChunkStorage (DIM1): All chunks are saved
[12:16:21] [Server thread/INFO]: ThreadedAnvilChunkStorage: All dimensions are saved
[12:16:21] [Server thread/INFO]: Flushing Chunk IO
[12:16:21] [Server thread/INFO]: Closing Thread Pool
[12:16:21] [Server thread/INFO]: Closing Server
